"D:/UE4_Projs/TestForLekano/Content/ThirdPersonBP/InteractiveUI/Fonts/Manrope-SemiBold.uasset" 0
"D:/UE4_Projs/TestForLekano/Content/ThirdPersonBP/InteractiveUI/Fonts/Manrope-SemiBold.uexp" 1
"D:/UE4_Projs/TestForLekano/Content/ThirdPersonBP/InteractiveUI/Fonts/Manrope-SemiBold.ufont" 2
"D:/UE4_Projs/TestForLekano/Content/ThirdPersonBP/InteractiveUI/Fonts/Manrope-SemiBold_Font.uasset" 3
"D:/UE4_Projs/TestForLekano/Content/ThirdPersonBP/InteractiveUI/Fonts/Manrope-SemiBold_Font.uexp" 4
"D:/UE4_Projs/TestForLekano/Content/ThirdPersonBP/InteractiveUI/UserName.uasset" 5
"D:/UE4_Projs/TestForLekano/Content/ThirdPersonBP/InteractiveUI/UserName.uexp" 6
"D:/UE4_Projs/TestForLekano/Content/ThirdPersonBP/InteractiveUI/PlayerInfoInterface.uasset" 7
"D:/UE4_Projs/TestForLekano/Content/ThirdPersonBP/InteractiveUI/PlayerInfoInterface.uexp" 8
"D:/UE4_Projs/TestForLekano/Content/ThirdPersonBP/InteractiveUI/Images/UserAvatar.uasset" 9
"D:/UE4_Projs/TestForLekano/Content/ThirdPersonBP/InteractiveUI/Images/UserAvatar.uexp" 10
"D:/UE4_Projs/TestForLekano/Content/ThirdPersonBP/InteractiveUI/Images/UpRatePressed.uasset" 11
"D:/UE4_Projs/TestForLekano/Content/ThirdPersonBP/InteractiveUI/Images/UpRatePressed.uexp" 12
"D:/UE4_Projs/TestForLekano/Content/ThirdPersonBP/InteractiveUI/Images/UpRateArrow.uasset" 13
"D:/UE4_Projs/TestForLekano/Content/ThirdPersonBP/InteractiveUI/Images/UpRateArrow.uexp" 14
"D:/UE4_Projs/TestForLekano/Content/ThirdPersonBP/InteractiveUI/Images/UpRate.uasset" 15
"D:/UE4_Projs/TestForLekano/Content/ThirdPersonBP/InteractiveUI/Images/UpRate.uexp" 16
"D:/UE4_Projs/TestForLekano/Content/ThirdPersonBP/InteractiveUI/Images/Twitter.uasset" 17
"D:/UE4_Projs/TestForLekano/Content/ThirdPersonBP/InteractiveUI/Images/Twitter.uexp" 18
"D:/UE4_Projs/TestForLekano/Content/ThirdPersonBP/InteractiveUI/Images/The_Weeknd_After_Hours_Deluxe.uasset" 19
"D:/UE4_Projs/TestForLekano/Content/ThirdPersonBP/InteractiveUI/Images/The_Weeknd_After_Hours_Deluxe.uexp" 20
"D:/UE4_Projs/TestForLekano/Content/ThirdPersonBP/InteractiveUI/Images/SubscribePressed.uasset" 21
"D:/UE4_Projs/TestForLekano/Content/ThirdPersonBP/InteractiveUI/Images/SubscribePressed.uexp" 22
"D:/UE4_Projs/TestForLekano/Content/ThirdPersonBP/InteractiveUI/Images/SubscribeHovered.uasset" 23
"D:/UE4_Projs/TestForLekano/Content/ThirdPersonBP/InteractiveUI/Images/SubscribeHovered.uexp" 24
"D:/UE4_Projs/TestForLekano/Content/ThirdPersonBP/InteractiveUI/Images/Subscribe.uasset" 25
"D:/UE4_Projs/TestForLekano/Content/ThirdPersonBP/InteractiveUI/Images/Subscribe.uexp" 26
"D:/UE4_Projs/TestForLekano/Content/ThirdPersonBP/InteractiveUI/Images/SocialNetwork.uasset" 27
"D:/UE4_Projs/TestForLekano/Content/ThirdPersonBP/InteractiveUI/Images/SocialNetwork.uexp" 28
"D:/UE4_Projs/TestForLekano/Content/ThirdPersonBP/InteractiveUI/Images/MV5BZGY3YjFjYTktM2NhZi00NmNlLTkwOGUtYjU5ZmI0YWRjMTBjXkEyXkFqcGdeQXVyODE3MDg1OTE___V1_FMjpg_UX1000_.uasset" 29
"D:/UE4_Projs/TestForLekano/Content/ThirdPersonBP/InteractiveUI/Images/MV5BZGY3YjFjYTktM2NhZi00NmNlLTkwOGUtYjU5ZmI0YWRjMTBjXkEyXkFqcGdeQXVyODE3MDg1OTE___V1_FMjpg_UX1000_.uexp" 30
"D:/UE4_Projs/TestForLekano/Content/ThirdPersonBP/InteractiveUI/Images/Instagram.uasset" 31
"D:/UE4_Projs/TestForLekano/Content/ThirdPersonBP/InteractiveUI/Images/Instagram.uexp" 32
"D:/UE4_Projs/TestForLekano/Content/ThirdPersonBP/InteractiveUI/Images/FortunateVainChameleon-mobile.uasset" 33
"D:/UE4_Projs/TestForLekano/Content/ThirdPersonBP/InteractiveUI/Images/FortunateVainChameleon-mobile.uexp" 34
"D:/UE4_Projs/TestForLekano/Content/ThirdPersonBP/InteractiveUI/Images/DownRatePressed.uasset" 35
"D:/UE4_Projs/TestForLekano/Content/ThirdPersonBP/InteractiveUI/Images/DownRatePressed.uexp" 36
"D:/UE4_Projs/TestForLekano/Content/ThirdPersonBP/InteractiveUI/Images/DownRateArrow.uasset" 37
"D:/UE4_Projs/TestForLekano/Content/ThirdPersonBP/InteractiveUI/Images/DownRateArrow.uexp" 38
"D:/UE4_Projs/TestForLekano/Content/ThirdPersonBP/InteractiveUI/Images/DOWNRATE.uasset" 39
"D:/UE4_Projs/TestForLekano/Content/ThirdPersonBP/InteractiveUI/Images/DOWNRATE.uexp" 40
"D:/UE4_Projs/TestForLekano/Content/ThirdPersonBP/InteractiveUI/Images/d6e5918425ed9f295ae80627cded6236.uasset" 41
"D:/UE4_Projs/TestForLekano/Content/ThirdPersonBP/InteractiveUI/Images/d6e5918425ed9f295ae80627cded6236.uexp" 42
"D:/UE4_Projs/TestForLekano/Content/ThirdPersonBP/InteractiveUI/Images/d273777f5bce61b6e7f5c94c744c6313--the-weeknd-x.uasset" 43
"D:/UE4_Projs/TestForLekano/Content/ThirdPersonBP/InteractiveUI/Images/d273777f5bce61b6e7f5c94c744c6313--the-weeknd-x.uexp" 44
"D:/UE4_Projs/TestForLekano/Content/ThirdPersonBP/InteractiveUI/Images/CloseButton.uasset" 45
"D:/UE4_Projs/TestForLekano/Content/ThirdPersonBP/InteractiveUI/Images/CloseButton.uexp" 46
"D:/UE4_Projs/TestForLekano/Content/ThirdPersonBP/InteractiveUI/Images/check.uasset" 47
"D:/UE4_Projs/TestForLekano/Content/ThirdPersonBP/InteractiveUI/Images/check.uexp" 48
"D:/UE4_Projs/TestForLekano/Content/ThirdPersonBP/InteractiveUI/Images/bell.uasset" 49
"D:/UE4_Projs/TestForLekano/Content/ThirdPersonBP/InteractiveUI/Images/bell.uexp" 50
"D:/UE4_Projs/TestForLekano/Content/ThirdPersonBP/InteractiveUI/Images/Background.uasset" 51
"D:/UE4_Projs/TestForLekano/Content/ThirdPersonBP/InteractiveUI/Images/Background.uexp" 52
"D:/UE4_Projs/TestForLekano/Content/ThirdPersonBP/InteractiveUI/Images/BackForRatingChange.uasset" 53
"D:/UE4_Projs/TestForLekano/Content/ThirdPersonBP/InteractiveUI/Images/BackForRatingChange.uexp" 54
"D:/UE4_Projs/TestForLekano/Content/ThirdPersonBP/InteractiveUI/Images/ArrowsAlphabetical.uasset" 55
"D:/UE4_Projs/TestForLekano/Content/ThirdPersonBP/InteractiveUI/Images/ArrowsAlphabetical.uexp" 56
"D:/UE4_Projs/TestForLekano/Content/ThirdPersonBP/InteractiveUI/Images/77c1f6749add711c088e67a0492fa8bdc63db647311717857cbe1cec29a6759c.uasset" 57
"D:/UE4_Projs/TestForLekano/Content/ThirdPersonBP/InteractiveUI/Images/77c1f6749add711c088e67a0492fa8bdc63db647311717857cbe1cec29a6759c.uexp" 58
"D:/UE4_Projs/TestForLekano/Content/ThirdPersonBP/InteractiveUI/Images/374781.uasset" 59
"D:/UE4_Projs/TestForLekano/Content/ThirdPersonBP/InteractiveUI/Images/374781.uexp" 60
"D:/UE4_Projs/TestForLekano/Content/ThirdPersonBP/InteractiveUI/Images/1bc0093f28353b9cd5c5df963316615d.uasset" 61
"D:/UE4_Projs/TestForLekano/Content/ThirdPersonBP/InteractiveUI/Images/1bc0093f28353b9cd5c5df963316615d.uexp" 62
"D:/UE4_Projs/TestForLekano/Content/ThirdPersonBP/InteractiveUI/Images/066086b33ff8787b978b343fb0dd8fe0.uasset" 63
"D:/UE4_Projs/TestForLekano/Content/ThirdPersonBP/InteractiveUI/Images/066086b33ff8787b978b343fb0dd8fe0.uexp" 64
"D:/UE4_Projs/TestForLekano/Content/ThirdPersonBP/InteractiveUI/Fonts/Manrope-Medium.uasset" 65
"D:/UE4_Projs/TestForLekano/Content/ThirdPersonBP/InteractiveUI/Fonts/Manrope-Medium.uexp" 66
"D:/UE4_Projs/TestForLekano/Content/ThirdPersonBP/InteractiveUI/Fonts/Manrope-Medium.ufont" 67
"D:/UE4_Projs/TestForLekano/Content/ThirdPersonBP/InteractiveUI/Fonts/Manrope-Medium_Font.uasset" 68
"D:/UE4_Projs/TestForLekano/Content/ThirdPersonBP/InteractiveUI/Fonts/Manrope-Medium_Font.uexp" 69
"../../../Engine/Content/EditorBlueprintResources/StandardMacros.uasset" 70
"../../../Engine/Content/EditorBlueprintResources/StandardMacros.uexp" 71
"D:/UE4_Projs/TestForLekano/Content/ThirdPersonBP/InteractiveUI/UserInfo.uasset" 72
"D:/UE4_Projs/TestForLekano/Content/ThirdPersonBP/InteractiveUI/UserInfo.uexp" 73
"D:/UE4_Projs/TestForLekano/Content/Mannequin/Character/Mesh/UE4_Mannequin_Skeleton.uasset" 74
"D:/UE4_Projs/TestForLekano/Content/Mannequin/Character/Mesh/UE4_Mannequin_Skeleton.uexp" 75
"../../../Engine/Content/Animation/DefaultAnimCurveCompressionSettings.uasset" 76
"../../../Engine/Content/Animation/DefaultAnimCurveCompressionSettings.uexp" 77
"../../../Engine/Content/Animation/DefaultAnimBoneCompressionSettings.uasset" 78
"../../../Engine/Content/Animation/DefaultAnimBoneCompressionSettings.uexp" 79
"D:/UE4_Projs/TestForLekano/Content/Mannequin/Animations/ThirdPersonJump_Start.uasset" 80
"D:/UE4_Projs/TestForLekano/Content/Mannequin/Animations/ThirdPersonJump_Start.uexp" 81
"D:/UE4_Projs/TestForLekano/Content/Mannequin/Animations/ThirdPersonJump_Loop.uasset" 82
"D:/UE4_Projs/TestForLekano/Content/Mannequin/Animations/ThirdPersonJump_Loop.uexp" 83
"D:/UE4_Projs/TestForLekano/Content/Mannequin/Animations/ThirdPersonRun.uasset" 84
"D:/UE4_Projs/TestForLekano/Content/Mannequin/Animations/ThirdPersonRun.uexp" 85
"D:/UE4_Projs/TestForLekano/Content/Mannequin/Animations/ThirdPersonIdle.uasset" 86
"D:/UE4_Projs/TestForLekano/Content/Mannequin/Animations/ThirdPersonIdle.uexp" 87
"D:/UE4_Projs/TestForLekano/Content/Mannequin/Animations/ThirdPersonWalk.uasset" 88
"D:/UE4_Projs/TestForLekano/Content/Mannequin/Animations/ThirdPersonWalk.uexp" 89
"D:/UE4_Projs/TestForLekano/Content/Mannequin/Animations/ThirdPerson_IdleRun_2D.uasset" 90
"D:/UE4_Projs/TestForLekano/Content/Mannequin/Animations/ThirdPerson_IdleRun_2D.uexp" 91
"D:/UE4_Projs/TestForLekano/Content/Mannequin/Animations/ThirdPerson_Jump.uasset" 92
"D:/UE4_Projs/TestForLekano/Content/Mannequin/Animations/ThirdPerson_Jump.uexp" 93
"D:/UE4_Projs/TestForLekano/Content/Mannequin/Animations/ThirdPerson_AnimBP.uasset" 94
"D:/UE4_Projs/TestForLekano/Content/Mannequin/Animations/ThirdPerson_AnimBP.uexp" 95
"D:/UE4_Projs/TestForLekano/Content/Mannequin/Character/Materials/MaterialLayers/T_ML_Aluminum01.uasset" 96
"D:/UE4_Projs/TestForLekano/Content/Mannequin/Character/Materials/MaterialLayers/T_ML_Aluminum01.uexp" 97
"D:/UE4_Projs/TestForLekano/Content/Mannequin/Character/Materials/MaterialLayers/T_ML_Aluminum01.ubulk" 98
"D:/UE4_Projs/TestForLekano/Content/Mannequin/Character/Materials/MaterialLayers/T_ML_Aluminum01_N.uasset" 99
"D:/UE4_Projs/TestForLekano/Content/Mannequin/Character/Materials/MaterialLayers/T_ML_Aluminum01_N.uexp" 100
"D:/UE4_Projs/TestForLekano/Content/Mannequin/Character/Materials/MaterialLayers/T_ML_Aluminum01_N.ubulk" 101
"D:/UE4_Projs/TestForLekano/Content/Mannequin/Character/Materials/MaterialLayers/T_ML_Rubber_Blue_01_D.uasset" 102
"D:/UE4_Projs/TestForLekano/Content/Mannequin/Character/Materials/MaterialLayers/T_ML_Rubber_Blue_01_D.uexp" 103
"D:/UE4_Projs/TestForLekano/Content/Mannequin/Character/Materials/MaterialLayers/T_ML_Rubber_Blue_01_D.ubulk" 104
"D:/UE4_Projs/TestForLekano/Content/Mannequin/Character/Materials/MaterialLayers/T_ML_Rubber_Blue_01_N.uasset" 105
"D:/UE4_Projs/TestForLekano/Content/Mannequin/Character/Materials/MaterialLayers/T_ML_Rubber_Blue_01_N.uexp" 106
"D:/UE4_Projs/TestForLekano/Content/Mannequin/Character/Materials/MaterialLayers/T_ML_Rubber_Blue_01_N.ubulk" 107
"D:/UE4_Projs/TestForLekano/Content/Mannequin/Character/Textures/T_Male_Mask.uasset" 108
"D:/UE4_Projs/TestForLekano/Content/Mannequin/Character/Textures/T_Male_Mask.uexp" 109
"D:/UE4_Projs/TestForLekano/Content/Mannequin/Character/Textures/T_Male_Mask.ubulk" 110
"D:/UE4_Projs/TestForLekano/Content/Mannequin/Character/Textures/T_UE4Logo_Mask.uasset" 111
"D:/UE4_Projs/TestForLekano/Content/Mannequin/Character/Textures/T_UE4Logo_Mask.uexp" 112
"D:/UE4_Projs/TestForLekano/Content/Mannequin/Character/Textures/T_UE4Logo_Mask.ubulk" 113
"../../../Engine/Content/Functions/Engine_MaterialFunctions02/Utility/BlendAngleCorrectedNormals.uasset" 114
"../../../Engine/Content/Functions/Engine_MaterialFunctions02/Utility/BlendAngleCorrectedNormals.uexp" 115
"../../../Engine/Content/Functions/MaterialLayerFunctions/MatLayerBlend_NormalBlend.uasset" 116
"../../../Engine/Content/Functions/MaterialLayerFunctions/MatLayerBlend_NormalBlend.uexp" 117
"../../../Engine/Content/Functions/MaterialLayerFunctions/MatLayerBlend_Simple.uasset" 118
"../../../Engine/Content/Functions/MaterialLayerFunctions/MatLayerBlend_Simple.uexp" 119
"D:/UE4_Projs/TestForLekano/Content/Mannequin/Character/Materials/MaterialLayers/ML_GlossyBlack_Latex_UE4.uasset" 120
"D:/UE4_Projs/TestForLekano/Content/Mannequin/Character/Materials/MaterialLayers/ML_GlossyBlack_Latex_UE4.uexp" 121
"D:/UE4_Projs/TestForLekano/Content/Mannequin/Character/Materials/MaterialLayers/ML_Plastic_Shiny_Beige.uasset" 122
"D:/UE4_Projs/TestForLekano/Content/Mannequin/Character/Materials/MaterialLayers/ML_Plastic_Shiny_Beige.uexp" 123
"D:/UE4_Projs/TestForLekano/Content/Mannequin/Character/Textures/T_Male_N.uasset" 124
"D:/UE4_Projs/TestForLekano/Content/Mannequin/Character/Textures/T_Male_N.uexp" 125
"D:/UE4_Projs/TestForLekano/Content/Mannequin/Character/Textures/T_Male_N.ubulk" 126
"D:/UE4_Projs/TestForLekano/Content/Mannequin/Character/Materials/MaterialLayers/ML_SoftMetal_UE4.uasset" 127
"D:/UE4_Projs/TestForLekano/Content/Mannequin/Character/Materials/MaterialLayers/ML_SoftMetal_UE4.uexp" 128
"D:/UE4_Projs/TestForLekano/Content/Mannequin/Character/Materials/MaterialLayers/ML_Plastic_Shiny_Beige_LOGO.uasset" 129
"D:/UE4_Projs/TestForLekano/Content/Mannequin/Character/Materials/MaterialLayers/ML_Plastic_Shiny_Beige_LOGO.uexp" 130
"D:/UE4_Projs/TestForLekano/Content/Mannequin/Character/Materials/M_Male_Body.uasset" 131
"D:/UE4_Projs/TestForLekano/Content/Mannequin/Character/Materials/M_Male_Body.uexp" 132
"D:/UE4_Projs/TestForLekano/Content/Mannequin/Character/Textures/T_UE4Logo_N.uasset" 133
"D:/UE4_Projs/TestForLekano/Content/Mannequin/Character/Textures/T_UE4Logo_N.uexp" 134
"D:/UE4_Projs/TestForLekano/Content/Mannequin/Character/Textures/T_UE4Logo_N.ubulk" 135
"D:/UE4_Projs/TestForLekano/Content/Mannequin/Character/Materials/M_UE4Man_ChestLogo.uasset" 136
"D:/UE4_Projs/TestForLekano/Content/Mannequin/Character/Materials/M_UE4Man_ChestLogo.uexp" 137
"D:/UE4_Projs/TestForLekano/Content/Mannequin/Character/Mesh/SK_Mannequin_PhysicsAsset.uasset" 138
"D:/UE4_Projs/TestForLekano/Content/Mannequin/Character/Mesh/SK_Mannequin_PhysicsAsset.uexp" 139
"D:/UE4_Projs/TestForLekano/Content/Mannequin/Character/Mesh/SK_Mannequin.uasset" 140
"D:/UE4_Projs/TestForLekano/Content/Mannequin/Character/Mesh/SK_Mannequin.uexp" 141
"D:/UE4_Projs/TestForLekano/Content/ThirdPersonBP/Blueprints/ThirdPersonCharacter.uasset" 142
"D:/UE4_Projs/TestForLekano/Content/ThirdPersonBP/Blueprints/ThirdPersonCharacter.uexp" 143
"D:/UE4_Projs/TestForLekano/Content/ThirdPersonBP/Blueprints/ThirdPersonGameMode.uasset" 144
"D:/UE4_Projs/TestForLekano/Content/ThirdPersonBP/Blueprints/ThirdPersonGameMode.uexp" 145
"../../../Engine/Content/EngineMaterials/T_Default_Material_Grid_N.uasset" 146
"../../../Engine/Content/EngineMaterials/T_Default_Material_Grid_N.uexp" 147
"../../../Engine/Content/EngineMaterials/T_Default_Material_Grid_N.ubulk" 148
"../../../Engine/Content/EngineMaterials/T_Default_Material_Grid_M.uasset" 149
"../../../Engine/Content/EngineMaterials/T_Default_Material_Grid_M.uexp" 150
"../../../Engine/Content/EngineMaterials/T_Default_Material_Grid_M.ubulk" 151
"../../../Engine/Content/Functions/Engine_MaterialFunctions01/Opacity/CameraDepthFade.uasset" 152
"../../../Engine/Content/Functions/Engine_MaterialFunctions01/Opacity/CameraDepthFade.uexp" 153
"../../../Engine/Content/EngineMaterials/WorldGridMaterial.uasset" 154
"../../../Engine/Content/EngineMaterials/WorldGridMaterial.uexp" 155
"../../../Engine/Content/ArtTools/RenderToTexture/Meshes/S_1_Unit_Plane.uasset" 156
"../../../Engine/Content/ArtTools/RenderToTexture/Meshes/S_1_Unit_Plane.uexp" 157
"../../../Engine/Content/EngineMaterials/DefaultMaterial.uasset" 158
"../../../Engine/Content/EngineMaterials/DefaultMaterial.uexp" 159
"../../../Engine/Content/BasicShapes/Cone.uasset" 160
"../../../Engine/Content/BasicShapes/Cone.uexp" 161
"../../../Engine/Content/BasicShapes/Cube.uasset" 162
"../../../Engine/Content/BasicShapes/Cube.uexp" 163
"../../../Engine/Content/BasicShapes/Plane.uasset" 164
"../../../Engine/Content/BasicShapes/Plane.uexp" 165
"../../../Engine/Content/BasicShapes/Sphere.uasset" 166
"../../../Engine/Content/BasicShapes/Sphere.uexp" 167
"../../../Engine/Content/EditorLandscapeResources/DataLayer.uasset" 168
"../../../Engine/Content/EditorLandscapeResources/DataLayer.uexp" 169
"../../../Engine/Content/EditorLandscapeResources/DefaultAlphaTexture.uasset" 170
"../../../Engine/Content/EditorLandscapeResources/DefaultAlphaTexture.uexp" 171
"../../../Engine/Content/EditorMaterials/MAT_Groups_Toggle.uasset" 172
"../../../Engine/Content/EditorMaterials/MAT_Groups_Toggle.uexp" 173
"../../../Engine/Content/EditorMaterials/MAT_Groups_Visibility.uasset" 174
"../../../Engine/Content/EditorMaterials/MAT_Groups_Visibility.uexp" 175
"../../../Engine/Content/EditorMaterials/PreviewShadowIndicator.uasset" 176
"../../../Engine/Content/EditorMaterials/PreviewShadowIndicator.uexp" 177
"../../../Engine/Content/EditorMaterials/PreviewShadowIndicator.ubulk" 178
"../../../Engine/Content/EditorMaterials/PreviewShadowIndicatorMaterial.uasset" 179
"../../../Engine/Content/EditorMaterials/PreviewShadowIndicatorMaterial.uexp" 180
"../../../Engine/Content/EditorMaterials/MatineeGroups/MAT_ColorTrack.uasset" 181
"../../../Engine/Content/EditorMaterials/MatineeGroups/MAT_ColorTrack.uexp" 182
"../../../Engine/Content/EditorMaterials/MatineeGroups/MAT_Groups_Anim.uasset" 183
"../../../Engine/Content/EditorMaterials/MatineeGroups/MAT_Groups_Anim.uexp" 184
"../../../Engine/Content/EditorMaterials/MatineeGroups/MAT_Groups_AudioMaster.uasset" 185
"../../../Engine/Content/EditorMaterials/MatineeGroups/MAT_Groups_AudioMaster.uexp" 186
"../../../Engine/Content/EditorMaterials/MatineeGroups/MAT_Groups_Director.uasset" 187
"../../../Engine/Content/EditorMaterials/MatineeGroups/MAT_Groups_Director.uexp" 188
"../../../Engine/Content/EditorMaterials/MatineeGroups/MAT_Groups_Event.uasset" 189
"../../../Engine/Content/EditorMaterials/MatineeGroups/MAT_Groups_Event.uexp" 190
"../../../Engine/Content/EditorMaterials/MatineeGroups/MAT_Groups_Fade.uasset" 191
"../../../Engine/Content/EditorMaterials/MatineeGroups/MAT_Groups_Fade.uexp" 192
"../../../Engine/Content/EditorMaterials/MatineeGroups/MAT_Groups_Float.uasset" 193
"../../../Engine/Content/EditorMaterials/MatineeGroups/MAT_Groups_Float.uexp" 194
"../../../Engine/Content/EditorMaterials/MatineeGroups/MAT_Groups_Move.uasset" 195
"../../../Engine/Content/EditorMaterials/MatineeGroups/MAT_Groups_Move.uexp" 196
"../../../Engine/Content/EditorMaterials/MatineeGroups/MAT_Groups_Slomo.uasset" 197
"../../../Engine/Content/EditorMaterials/MatineeGroups/MAT_Groups_Slomo.uexp" 198
"../../../Engine/Content/EditorMaterials/MatineeGroups/MAT_Groups_Sound.uasset" 199
"../../../Engine/Content/EditorMaterials/MatineeGroups/MAT_Groups_Sound.uexp" 200
"../../../Engine/Content/EditorMaterials/MatineeGroups/MAT_Groups_Vector.uasset" 201
"../../../Engine/Content/EditorMaterials/MatineeGroups/MAT_Groups_Vector.uexp" 202
"../../../Engine/Content/EditorMaterials/ParticleSystems/PSysThumbnail_NoImage.uasset" 203
"../../../Engine/Content/EditorMaterials/ParticleSystems/PSysThumbnail_NoImage.uexp" 204
"../../../Engine/Content/EditorMaterials/ParticleSystems/PSysThumbnail_NoImage.ubulk" 205
"../../../Engine/Content/EditorMaterials/ParticleSystems/PSysThumbnail_OOD.uasset" 206
"../../../Engine/Content/EditorMaterials/ParticleSystems/PSysThumbnail_OOD.uexp" 207
"../../../Engine/Content/EditorMaterials/ParticleSystems/PSysThumbnail_OOD.ubulk" 208
"../../../Engine/Content/EditorMaterials/Camera/CineMat.uasset" 209
"../../../Engine/Content/EditorMaterials/Camera/CineMat.uexp" 210
"../../../Engine/Content/EditorMaterials/Camera/MI_CineMat_Rig.uasset" 211
"../../../Engine/Content/EditorMaterials/Camera/MI_CineMat_Rig.uexp" 212
"../../../Engine/Content/EditorMeshes/Camera/SM_CraneRig_Arm.uasset" 213
"../../../Engine/Content/EditorMeshes/Camera/SM_CraneRig_Arm.uexp" 214
"../../../Engine/Content/EditorMeshes/Camera/SM_CraneRig_Base.uasset" 215
"../../../Engine/Content/EditorMeshes/Camera/SM_CraneRig_Base.uexp" 216
"../../../Engine/Content/EditorMeshes/Camera/SM_CraneRig_Body.uasset" 217
"../../../Engine/Content/EditorMeshes/Camera/SM_CraneRig_Body.uexp" 218
"../../../Engine/Content/EditorMeshes/Camera/SM_CraneRig_Mount.uasset" 219
"../../../Engine/Content/EditorMeshes/Camera/SM_CraneRig_Mount.uexp" 220
"../../../Engine/Content/EditorMeshes/Camera/SM_RailRig_Mount.uasset" 221
"../../../Engine/Content/EditorMeshes/Camera/SM_RailRig_Mount.uexp" 222
"../../../Engine/Content/EditorMeshes/Camera/SM_RailRig_Track.uasset" 223
"../../../Engine/Content/EditorMeshes/Camera/SM_RailRig_Track.uexp" 224
"../../../Engine/Content/EditorResources/BSPVertex.uasset" 225
"../../../Engine/Content/EditorResources/BSPVertex.uexp" 226
"../../../Engine/Content/EditorResources/EmptyActor.uasset" 227
"../../../Engine/Content/EditorResources/EmptyActor.uexp" 228
"../../../Engine/Content/EditorResources/S_Actor.uasset" 229
"../../../Engine/Content/EditorResources/S_Actor.uexp" 230
"../../../Engine/Content/EditorResources/S_Actor.ubulk" 231
"../../../Engine/Content/EditorResources/S_Note.uasset" 232
"../../../Engine/Content/EditorResources/S_Note.uexp" 233
"../../../Engine/Content/EditorResources/S_Note.ubulk" 234
"../../../Engine/Content/EditorResources/S_Solver.uasset" 235
"../../../Engine/Content/EditorResources/S_Solver.uexp" 236
"../../../Engine/Content/EditorResources/S_Solver.ubulk" 237
"../../../Engine/Content/EditorResources/S_Terrain.uasset" 238
"../../../Engine/Content/EditorResources/S_Terrain.uexp" 239
"../../../Engine/Content/EditorResources/S_Terrain.ubulk" 240
"../../../Engine/Content/EditorResources/S_Trigger.uasset" 241
"../../../Engine/Content/EditorResources/S_Trigger.uexp" 242
"../../../Engine/Content/EditorResources/S_Trigger.ubulk" 243
"../../../Engine/Content/EditorResources/LightIcons/S_LightError.uasset" 244
"../../../Engine/Content/EditorResources/LightIcons/S_LightError.uexp" 245
"../../../Engine/Content/EditorResources/SequenceRecorder/Countdown.uasset" 246
"../../../Engine/Content/EditorResources/SequenceRecorder/Countdown.uexp" 247
"../../../Engine/Content/EditorResources/SequenceRecorder/RecordingIndicator.uasset" 248
"../../../Engine/Content/EditorResources/SequenceRecorder/RecordingIndicator.uexp" 249
"../../../Engine/Content/EngineDamageTypes/DmgTypeBP_Environmental.uasset" 250
"../../../Engine/Content/EngineDamageTypes/DmgTypeBP_Environmental.uexp" 251
"../../../Engine/Content/EngineDebugMaterials/DebugEditorMaterial.uasset" 252
"../../../Engine/Content/EngineDebugMaterials/DebugEditorMaterial.uexp" 253
"../../../Engine/Content/EngineDebugMaterials/DebugMeshMaterial.uasset" 254
"../../../Engine/Content/EngineDebugMaterials/DebugMeshMaterial.uexp" 255
"../../../Engine/Content/EngineDebugMaterials/M_SimpleUnlitTranslucent.uasset" 256
"../../../Engine/Content/EngineDebugMaterials/M_SimpleUnlitTranslucent.uexp" 257
"../../../Engine/Content/EngineDebugMaterials/VolumeToRender.uasset" 258
"../../../Engine/Content/EngineDebugMaterials/VolumeToRender.uexp" 259
"../../../Engine/Content/Functions/Engine_MaterialFunctions02/Utility/CameraDirectionVector.uasset" 260
"../../../Engine/Content/Functions/Engine_MaterialFunctions02/Utility/CameraDirectionVector.uexp" 261
"../../../Engine/Content/EngineDebugMaterials/M_VolumeRenderSphereTracePP.uasset" 262
"../../../Engine/Content/EngineDebugMaterials/M_VolumeRenderSphereTracePP.uexp" 263
"../../../Engine/Content/Functions/Engine_MaterialFunctions01/Shading/ConvertFromDiffSpec.uasset" 264
"../../../Engine/Content/Functions/Engine_MaterialFunctions01/Shading/ConvertFromDiffSpec.uexp" 265
"../../../Engine/Content/EngineDebugMaterials/VertexColorMaterial.uasset" 266
"../../../Engine/Content/EngineDebugMaterials/VertexColorMaterial.uexp" 267
"../../../Engine/Content/EngineDebugMaterials/WireframeMaterial.uasset" 268
"../../../Engine/Content/EngineDebugMaterials/WireframeMaterial.uexp" 269
"../../../Engine/Content/EngineFonts/Faces/RobotoRegular.uasset" 270
"../../../Engine/Content/EngineFonts/Faces/RobotoRegular.uexp" 271
"../../../Engine/Content/EngineFonts/Faces/RobotoRegular.ufont" 272
"../../../Engine/Content/EngineFonts/Faces/RobotoLight.uasset" 273
"../../../Engine/Content/EngineFonts/Faces/RobotoLight.uexp" 274
"../../../Engine/Content/EngineFonts/Faces/RobotoLight.ufont" 275
"../../../Engine/Content/EngineFonts/Faces/RobotoItalic.uasset" 276
"../../../Engine/Content/EngineFonts/Faces/RobotoItalic.uexp" 277
"../../../Engine/Content/EngineFonts/Faces/RobotoItalic.ufont" 278
"../../../Engine/Content/EngineFonts/Faces/RobotoBoldItalic.uasset" 279
"../../../Engine/Content/EngineFonts/Faces/RobotoBoldItalic.uexp" 280
"../../../Engine/Content/EngineFonts/Faces/RobotoBoldItalic.ufont" 281
"../../../Engine/Content/EngineFonts/Faces/RobotoBold.uasset" 282
"../../../Engine/Content/EngineFonts/Faces/RobotoBold.uexp" 283
"../../../Engine/Content/EngineFonts/Faces/RobotoBold.ufont" 284
"../../../Engine/Content/EngineFonts/Faces/DroidSansFallback.uasset" 285
"../../../Engine/Content/EngineFonts/Faces/DroidSansFallback.uexp" 286
"../../../Engine/Content/EngineFonts/Faces/DroidSansFallback.ufont" 287
"../../../Engine/Content/EngineFonts/Roboto.uasset" 288
"../../../Engine/Content/EngineFonts/Roboto.uexp" 289
"../../../Engine/Content/EngineMaterials/BaseFlattenNormalMap.uasset" 290
"../../../Engine/Content/EngineMaterials/BaseFlattenNormalMap.uexp" 291
"../../../Engine/Content/EngineMaterials/BaseFlattenGrayscaleMap.uasset" 292
"../../../Engine/Content/EngineMaterials/BaseFlattenGrayscaleMap.uexp" 293
"../../../Engine/Content/EngineMaterials/BaseFlattenEmissiveMap.uasset" 294
"../../../Engine/Content/EngineMaterials/BaseFlattenEmissiveMap.uexp" 295
"../../../Engine/Content/EngineMaterials/BaseFlattenDiffuseMap.uasset" 296
"../../../Engine/Content/EngineMaterials/BaseFlattenDiffuseMap.uexp" 297
"../../../Engine/Content/EngineMaterials/BaseFlattenMaterial.uasset" 298
"../../../Engine/Content/EngineMaterials/BaseFlattenMaterial.uexp" 299
"../../../Engine/Content/EngineMaterials/BlueNoise.uasset" 300
"../../../Engine/Content/EngineMaterials/BlueNoise.uexp" 301
"../../../Engine/Content/EngineMaterials/DefaultBloomKernel.uasset" 302
"../../../Engine/Content/EngineMaterials/DefaultBloomKernel.uexp" 303
"../../../Engine/Content/EngineMaterials/DefaultBokeh.uasset" 304
"../../../Engine/Content/EngineMaterials/DefaultBokeh.uexp" 305
"../../../Engine/Content/EngineMaterials/DefaultDiffuse.uasset" 306
"../../../Engine/Content/EngineMaterials/DefaultDiffuse.uexp" 307
"../../../Engine/Content/EngineMaterials/DefaultDiffuse.ubulk" 308
"../../../Engine/Content/EngineMaterials/DefaultDeferredDecalMaterial.uasset" 309
"../../../Engine/Content/EngineMaterials/DefaultDeferredDecalMaterial.uexp" 310
"../../../Engine/Content/EngineMaterials/DefaultLightFunctionMaterial.uasset" 311
"../../../Engine/Content/EngineMaterials/DefaultLightFunctionMaterial.uexp" 312
"../../../Engine/Content/EngineMaterials/DefaultPhysicalMaterial.uasset" 313
"../../../Engine/Content/EngineMaterials/DefaultPhysicalMaterial.uexp" 314
"../../../Engine/Content/Functions/Engine_MaterialFunctions02/Utility/BreakOutFloat2Components.uasset" 315
"../../../Engine/Content/Functions/Engine_MaterialFunctions02/Utility/BreakOutFloat2Components.uexp" 316
"../../../Engine/Content/EngineMaterials/DefaultPostProcessMaterial.uasset" 317
"../../../Engine/Content/EngineMaterials/DefaultPostProcessMaterial.uexp" 318
"../../../Engine/Content/EngineFonts/RobotoDistanceField.uasset" 319
"../../../Engine/Content/EngineFonts/RobotoDistanceField.uexp" 320
"../../../Engine/Content/EngineMaterials/DefaultTextMaterialOpaque.uasset" 321
"../../../Engine/Content/EngineMaterials/DefaultTextMaterialOpaque.uexp" 322
"../../../Engine/Content/EngineMaterials/DefaultWhiteGrid.uasset" 323
"../../../Engine/Content/EngineMaterials/DefaultWhiteGrid.uexp" 324
"../../../Engine/Content/EngineMaterials/DefaultWhiteGrid.ubulk" 325
"../../../Engine/Content/EngineMaterials/DefaultWhiteGrid_Low.uasset" 326
"../../../Engine/Content/EngineMaterials/DefaultWhiteGrid_Low.uexp" 327
"../../../Engine/Content/EngineMaterials/EmissiveMeshMaterial.uasset" 328
"../../../Engine/Content/EngineMaterials/EmissiveMeshMaterial.uexp" 329
"../../../Engine/Content/EngineMaterials/GizmoMaterial.uasset" 330
"../../../Engine/Content/EngineMaterials/GizmoMaterial.uexp" 331
"../../../Engine/Content/EngineMaterials/Good64x64TilingNoiseHighFreq.uasset" 332
"../../../Engine/Content/EngineMaterials/Good64x64TilingNoiseHighFreq.uexp" 333
"../../../Engine/Content/EngineMaterials/MiniFont.uasset" 334
"../../../Engine/Content/EngineMaterials/MiniFont.uexp" 335
"../../../Engine/Content/EngineMaterials/InvalidLightmapSettings.uasset" 336
"../../../Engine/Content/EngineMaterials/InvalidLightmapSettings.uexp" 337
"../../../Engine/Content/EngineMaterials/InvalidLightmapSettings.ubulk" 338
"../../../Engine/Content/EngineMaterials/M_InvalidLightmapSettings.uasset" 339
"../../../Engine/Content/EngineMaterials/M_InvalidLightmapSettings.uexp" 340
"../../../Engine/Content/Functions/Engine_MaterialFunctions02/WorldPositionOffset/CameraOffset.uasset" 341
"../../../Engine/Content/Functions/Engine_MaterialFunctions02/WorldPositionOffset/CameraOffset.uexp" 342
"../../../Engine/Content/EngineMaterials/PhAT_JointLimitMaterial.uasset" 343
"../../../Engine/Content/EngineMaterials/PhAT_JointLimitMaterial.uexp" 344
"../../../Engine/Content/EngineMaterials/DefaultCalibrationColor.uasset" 345
"../../../Engine/Content/EngineMaterials/DefaultCalibrationColor.uexp" 346
"../../../Engine/Content/EngineMaterials/PPM_DefaultCalibrationColor.uasset" 347
"../../../Engine/Content/EngineMaterials/PPM_DefaultCalibrationColor.uexp" 348
"../../../Engine/Content/EngineMaterials/DefaultCalibrationGrayscale.uasset" 349
"../../../Engine/Content/EngineMaterials/DefaultCalibrationGrayscale.uexp" 350
"../../../Engine/Content/EngineMaterials/PPM_DefaultCalibrationGrayscale.uasset" 351
"../../../Engine/Content/EngineMaterials/PPM_DefaultCalibrationGrayscale.uexp" 352
"../../../Engine/Content/EngineMaterials/PreintegratedSkinBRDF.uasset" 353
"../../../Engine/Content/EngineMaterials/PreintegratedSkinBRDF.uexp" 354
"../../../Engine/Content/EngineMaterials/RemoveSurfaceMaterial.uasset" 355
"../../../Engine/Content/EngineMaterials/RemoveSurfaceMaterial.uexp" 356
"../../../Engine/Content/EngineMaterials/WeightMapPlaceholderTexture.uasset" 357
"../../../Engine/Content/EngineMaterials/WeightMapPlaceholderTexture.uexp" 358
"../../../Engine/Content/EngineResources/WhiteSquareTexture.uasset" 359
"../../../Engine/Content/EngineResources/WhiteSquareTexture.uexp" 360
"../../../Engine/Content/EngineMaterials/Widget3DPassThrough.uasset" 361
"../../../Engine/Content/EngineMaterials/Widget3DPassThrough.uexp" 362
"../../../Engine/Content/EngineMaterials/Widget3DPassThrough_Masked.uasset" 363
"../../../Engine/Content/EngineMaterials/Widget3DPassThrough_Masked.uexp" 364
"../../../Engine/Content/EngineMaterials/Widget3DPassThrough_Opaque.uasset" 365
"../../../Engine/Content/EngineMaterials/Widget3DPassThrough_Opaque.uexp" 366
"../../../Engine/Content/EngineMaterials/Widget3DPassThrough_Masked_OneSided.uasset" 367
"../../../Engine/Content/EngineMaterials/Widget3DPassThrough_Masked_OneSided.uexp" 368
"../../../Engine/Content/EngineMaterials/Widget3DPassThrough_Opaque_OneSided.uasset" 369
"../../../Engine/Content/EngineMaterials/Widget3DPassThrough_Opaque_OneSided.uexp" 370
"../../../Engine/Content/EngineMaterials/Widget3DPassThrough_Translucent.uasset" 371
"../../../Engine/Content/EngineMaterials/Widget3DPassThrough_Translucent.uexp" 372
"../../../Engine/Content/EngineMaterials/Widget3DPassThrough_Translucent_OneSided.uasset" 373
"../../../Engine/Content/EngineMaterials/Widget3DPassThrough_Translucent_OneSided.uexp" 374
"../../../Engine/Content/EngineMeshes/Cylinder.uasset" 375
"../../../Engine/Content/EngineMeshes/Cylinder.uexp" 376
"../../../Engine/Content/EngineMeshes/Sphere.uasset" 377
"../../../Engine/Content/EngineMeshes/Sphere.uexp" 378
"../../../Engine/Content/EngineResources/DefaultTexture.uasset" 379
"../../../Engine/Content/EngineResources/DefaultTexture.uexp" 380
"../../../Engine/Content/EngineResources/DefaultTexture.ubulk" 381
"../../../Engine/Content/EngineResources/DefaultTextureCube.uasset" 382
"../../../Engine/Content/EngineResources/DefaultTextureCube.uexp" 383
"../../../Engine/Content/EngineResources/DefaultVolumeTexture2D.uasset" 384
"../../../Engine/Content/EngineResources/DefaultVolumeTexture2D.uexp" 385
"../../../Engine/Content/EngineResources/DefaultVolumeTexture.uasset" 386
"../../../Engine/Content/EngineResources/DefaultVolumeTexture.uexp" 387
"../../../Engine/Content/EngineResources/GradientTexture0.uasset" 388
"../../../Engine/Content/EngineResources/GradientTexture0.uexp" 389
"../../../Engine/Content/EngineSky/VolumetricClouds/T_NoiseShape64.uasset" 390
"../../../Engine/Content/EngineSky/VolumetricClouds/T_NoiseShape64.uexp" 391
"../../../Engine/Content/EngineSky/VolumetricClouds/T_NoiseShape64.ubulk" 392
"../../../Engine/Content/EngineSky/VolumetricClouds/T_VolumeNoiseShape64.uasset" 393
"../../../Engine/Content/EngineSky/VolumetricClouds/T_VolumeNoiseShape64.uexp" 394
"../../../Engine/Content/EngineSky/VolumetricClouds/T_NoiseErosion.uasset" 395
"../../../Engine/Content/EngineSky/VolumetricClouds/T_NoiseErosion.uexp" 396
"../../../Engine/Content/EngineSky/VolumetricClouds/T_NoiseErosion.ubulk" 397
"../../../Engine/Content/EngineSky/VolumetricClouds/T_VolumeNoiseErosion32.uasset" 398
"../../../Engine/Content/EngineSky/VolumetricClouds/T_VolumeNoiseErosion32.uexp" 399
"../../../Engine/Content/EngineSky/VolumetricClouds/CloudWeatherTexture.uasset" 400
"../../../Engine/Content/EngineSky/VolumetricClouds/CloudWeatherTexture.uexp" 401
"../../../Engine/Content/EngineSky/VolumetricClouds/CloudGradientTexture.uasset" 402
"../../../Engine/Content/EngineSky/VolumetricClouds/CloudGradientTexture.uexp" 403
"../../../Engine/Content/Functions/Engine_MaterialFunctions02/Utility/MakeFloat2.uasset" 404
"../../../Engine/Content/Functions/Engine_MaterialFunctions02/Utility/MakeFloat2.uexp" 405
"../../../Engine/Content/EngineSky/VolumetricClouds/m_SimpleVolumetricCloud.uasset" 406
"../../../Engine/Content/EngineSky/VolumetricClouds/m_SimpleVolumetricCloud.uexp" 407
"../../../Engine/Content/EngineSky/VolumetricClouds/m_SimpleVolumetricCloud_Inst.uasset" 408
"../../../Engine/Content/EngineSky/VolumetricClouds/m_SimpleVolumetricCloud_Inst.uexp" 409
"../../../Engine/Content/EngineSounds/Master.uasset" 410
"../../../Engine/Content/EngineSounds/Master.uexp" 411
"../../../Engine/Content/Functions/Engine_MaterialFunctions01/Shading/PowerToRoughness.uasset" 412
"../../../Engine/Content/Functions/Engine_MaterialFunctions01/Shading/PowerToRoughness.uexp" 413
"../../../Engine/Content/Maps/Templates/Thumbnails/Default.uasset" 414
"../../../Engine/Content/Maps/Templates/Thumbnails/Default.uexp" 415
"../../../Engine/Content/Maps/Templates/Thumbnails/TimeOfDay.uasset" 416
"../../../Engine/Content/Maps/Templates/Thumbnails/TimeOfDay.uexp" 417
"../../../Engine/Content/Maps/Templates/Thumbnails/VR-Basic.uasset" 418
"../../../Engine/Content/Maps/Templates/Thumbnails/VR-Basic.uexp" 419
"../../../Engine/Content/MobileResources/T_MobileControls_texture.uasset" 420
"../../../Engine/Content/MobileResources/T_MobileControls_texture.uexp" 421
"../../../Engine/Content/MobileResources/T_MobileMenu2.uasset" 422
"../../../Engine/Content/MobileResources/T_MobileMenu2.uexp" 423
"../../../Engine/Content/MobileResources/HUD/AnalogHat.uasset" 424
"../../../Engine/Content/MobileResources/HUD/AnalogHat.uexp" 425
"../../../Engine/Content/MobileResources/HUD/VirtualJoystick_Thumb.uasset" 426
"../../../Engine/Content/MobileResources/HUD/VirtualJoystick_Thumb.uexp" 427
"../../../Engine/Content/MobileResources/HUD/VirtualJoystick_Background.uasset" 428
"../../../Engine/Content/MobileResources/HUD/VirtualJoystick_Background.uexp" 429
"../../../Engine/Content/MobileResources/HUD/DefaultVirtualJoysticks.uasset" 430
"../../../Engine/Content/MobileResources/HUD/DefaultVirtualJoysticks.uexp" 431
"../../../Engine/Content/MobileResources/HUD/LeftVirtualJoystickOnly.uasset" 432
"../../../Engine/Content/MobileResources/HUD/LeftVirtualJoystickOnly.uexp" 433
"../../../Engine/Content/MobileResources/HUD/MobileHUDButton1_off.uasset" 434
"../../../Engine/Content/MobileResources/HUD/MobileHUDButton1_off.uexp" 435
"../../../Engine/Content/MobileResources/HUD/MobileHUDButton1_on.uasset" 436
"../../../Engine/Content/MobileResources/HUD/MobileHUDButton1_on.uexp" 437
"../../../Engine/Content/MobileResources/HUD/MobileHUDButton2_off.uasset" 438
"../../../Engine/Content/MobileResources/HUD/MobileHUDButton2_off.uexp" 439
"../../../Engine/Content/MobileResources/HUD/MobileHUDButton2_on.uasset" 440
"../../../Engine/Content/MobileResources/HUD/MobileHUDButton2_on.uexp" 441
"../../../Engine/Content/MobileResources/HUD/MobileHUDButton3.uasset" 442
"../../../Engine/Content/MobileResources/HUD/MobileHUDButton3.uexp" 443
"../../../Engine/Content/MobileResources/HUD/MobileHUDButtonFire.uasset" 444
"../../../Engine/Content/MobileResources/HUD/MobileHUDButtonFire.uexp" 445
"../../../Engine/Content/MobileResources/HUD/MobileHUDDirectionPad.uasset" 446
"../../../Engine/Content/MobileResources/HUD/MobileHUDDirectionPad.uexp" 447
"../../../Engine/Content/MobileResources/HUD/MobileHUDDirectionPad2.uasset" 448
"../../../Engine/Content/MobileResources/HUD/MobileHUDDirectionPad2.uexp" 449
"../../../Engine/Content/MobileResources/HUD/MobileHUDDirectionPad3.uasset" 450
"../../../Engine/Content/MobileResources/HUD/MobileHUDDirectionPad3.uexp" 451
"../../../Engine/Content/MobileResources/HUD/MobileHUDDirectionStick.uasset" 452
"../../../Engine/Content/MobileResources/HUD/MobileHUDDirectionStick.uexp" 453
"../../../Engine/Content/MobileResources/HUD/T_Castle_ThumbstickInner.uasset" 454
"../../../Engine/Content/MobileResources/HUD/T_Castle_ThumbstickInner.uexp" 455
"../../../Engine/Content/MobileResources/HUD/T_Castle_ThumbstickOutter.uasset" 456
"../../../Engine/Content/MobileResources/HUD/T_Castle_ThumbstickOutter.uexp" 457
"../../../Engine/Content/Tutorial/ContentIntroCurve.uasset" 458
"../../../Engine/Content/Tutorial/ContentIntroCurve.uexp" 459
"../../../Engine/Content/VREditor/TransformGizmo/TranslucentTransformGizmoMaterial.uasset" 460
"../../../Engine/Content/VREditor/TransformGizmo/TranslucentTransformGizmoMaterial.uexp" 461
"../../../Engine/Content/VREditor/LaserPointer/VR_LaserPower_01.uasset" 462
"../../../Engine/Content/VREditor/LaserPointer/VR_LaserPower_01.uexp" 463
"../../../Engine/Content/VREditor/LaserPointer/VR_LaserPower_01.ubulk" 464
"../../../Engine/Content/VREditor/TransformGizmo/TransformGizmoMaterial.uasset" 465
"../../../Engine/Content/VREditor/TransformGizmo/TransformGizmoMaterial.uexp" 466
"../../../Engine/Content/VREditor/TransformGizmo/BoundingBoxCorner.uasset" 467
"../../../Engine/Content/VREditor/TransformGizmo/BoundingBoxCorner.uexp" 468
"../../../Engine/Content/VREditor/TransformGizmo/BoundingBoxEdge.uasset" 469
"../../../Engine/Content/VREditor/TransformGizmo/BoundingBoxEdge.uexp" 470
"../../../Engine/Content/VREditor/TransformGizmo/PlaneTranslationHandle.uasset" 471
"../../../Engine/Content/VREditor/TransformGizmo/PlaneTranslationHandle.uexp" 472
"../../../Engine/Content/VREditor/TransformGizmo/Xray.uasset" 473
"../../../Engine/Content/VREditor/TransformGizmo/Xray.uexp" 474
"../../../Engine/Content/VREditor/TransformGizmo/Main.uasset" 475
"../../../Engine/Content/VREditor/TransformGizmo/Main.uexp" 476
"../../../Engine/Content/VREditor/TransformGizmo/SM_Sequencer_Key.uasset" 477
"../../../Engine/Content/VREditor/TransformGizmo/SM_Sequencer_Key.uexp" 478
"../../../Engine/Content/VREditor/TransformGizmo/SM_Sequencer_Node.uasset" 479
"../../../Engine/Content/VREditor/TransformGizmo/SM_Sequencer_Node.uexp" 480
"../../../Engine/Plugins/2D/Paper2D/Content/PlaceholderTextures/DummySpriteTexture.uasset" 481
"../../../Engine/Plugins/2D/Paper2D/Content/PlaceholderTextures/DummySpriteTexture.uexp" 482
"../../../Engine/Plugins/2D/Paper2D/Content/PlaceholderTextures/DummySpriteTexture.ubulk" 483
"../../../Engine/Plugins/2D/Paper2D/Content/DummySprite.uasset" 484
"../../../Engine/Plugins/2D/Paper2D/Content/DummySprite.uexp" 485
"../../../Engine/Plugins/2D/Paper2D/Content/DefaultPaperTerrainMaterial.uasset" 486
"../../../Engine/Plugins/2D/Paper2D/Content/DefaultPaperTerrainMaterial.uexp" 487
"../../../Engine/Plugins/2D/Paper2D/Content/DefaultSpriteMaterial.uasset" 488
"../../../Engine/Plugins/2D/Paper2D/Content/DefaultSpriteMaterial.uexp" 489
"../../../Engine/Plugins/2D/Paper2D/Content/MaskedUnlitSpriteMaterial.uasset" 490
"../../../Engine/Plugins/2D/Paper2D/Content/MaskedUnlitSpriteMaterial.uexp" 491
"../../../Engine/Plugins/2D/Paper2D/Content/OpaqueUnlitSpriteMaterial.uasset" 492
"../../../Engine/Plugins/2D/Paper2D/Content/OpaqueUnlitSpriteMaterial.uexp" 493
"../../../Engine/Content/Functions/Engine_MaterialFunctions02/Utility/BreakOutFloat3Components.uasset" 494
"../../../Engine/Content/Functions/Engine_MaterialFunctions02/Utility/BreakOutFloat3Components.uexp" 495
"../../../Engine/Content/Functions/Engine_MaterialFunctions02/Utility/VectorLength.uasset" 496
"../../../Engine/Content/Functions/Engine_MaterialFunctions02/Utility/VectorLength.uexp" 497
"../../../Engine/Content/Functions/Engine_MaterialFunctions02/WorldPositionOffset/ObjectScale.uasset" 498
"../../../Engine/Content/Functions/Engine_MaterialFunctions02/WorldPositionOffset/ObjectScale.uexp" 499
"../../../Engine/Plugins/Editor/SpeedTreeImporter/Content/SpeedTree9/UnpackInteger3.uasset" 500
"../../../Engine/Plugins/Editor/SpeedTreeImporter/Content/SpeedTree9/UnpackInteger3.uexp" 501
"../../../Engine/Plugins/Editor/SpeedTreeImporter/Content/SpeedTree9/UnpackDirection.uasset" 502
"../../../Engine/Plugins/Editor/SpeedTreeImporter/Content/SpeedTree9/UnpackDirection.uexp" 503
"../../../Engine/Plugins/Editor/SpeedTreeImporter/Content/SpeedTree9/game_wind_noise.uasset" 504
"../../../Engine/Plugins/Editor/SpeedTreeImporter/Content/SpeedTree9/game_wind_noise.uexp" 505
"../../../Engine/Plugins/Editor/SpeedTreeImporter/Content/SpeedTree9/game_wind_noise.ubulk" 506
"../../../Engine/Content/Functions/Engine_MaterialFunctions02/SafeNormalize.uasset" 507
"../../../Engine/Content/Functions/Engine_MaterialFunctions02/SafeNormalize.uexp" 508
"../../../Engine/Plugins/Editor/SpeedTreeImporter/Content/SpeedTree9/SpeedTreeWindMotion.uasset" 509
"../../../Engine/Plugins/Editor/SpeedTreeImporter/Content/SpeedTree9/SpeedTreeWindMotion.uexp" 510
"../../../Engine/Plugins/Editor/SpeedTreeImporter/Content/SpeedTree9/SpeedTreeBranchMotion.uasset" 511
"../../../Engine/Plugins/Editor/SpeedTreeImporter/Content/SpeedTree9/SpeedTreeBranchMotion.uexp" 512
"../../../Engine/Content/Functions/Engine_MaterialFunctions02/ObjectLocalBounds.uasset" 513
"../../../Engine/Content/Functions/Engine_MaterialFunctions02/ObjectLocalBounds.uexp" 514
"../../../Engine/Content/Functions/Engine_MaterialFunctions02/UVs/BoundingBoxBased_0-1_UVW.uasset" 515
"../../../Engine/Content/Functions/Engine_MaterialFunctions02/UVs/BoundingBoxBased_0-1_UVW.uexp" 516
"../../../Engine/Plugins/Editor/SpeedTreeImporter/Content/SpeedTree9/SpeedTreeWind.uasset" 517
"../../../Engine/Plugins/Editor/SpeedTreeImporter/Content/SpeedTree9/SpeedTreeWind.uexp" 518
"../../../Engine/Plugins/Editor/SpeedTreeImporter/Content/SpeedTree9/SpeedTreeBillboard.uasset" 519
"../../../Engine/Plugins/Editor/SpeedTreeImporter/Content/SpeedTree9/SpeedTreeBillboard.uexp" 520
"../../../Engine/Plugins/Editor/SpeedTreeImporter/Content/SpeedTree9/EmptyNormal.uasset" 521
"../../../Engine/Plugins/Editor/SpeedTreeImporter/Content/SpeedTree9/EmptyNormal.uexp" 522
"../../../Engine/Plugins/Editor/SpeedTreeImporter/Content/SpeedTree9/Empty.uasset" 523
"../../../Engine/Plugins/Editor/SpeedTreeImporter/Content/SpeedTree9/Empty.uexp" 524
"../../../Engine/Plugins/Editor/SpeedTreeImporter/Content/SpeedTree9/SpeedTreeBillboardMaster.uasset" 525
"../../../Engine/Plugins/Editor/SpeedTreeImporter/Content/SpeedTree9/SpeedTreeBillboardMaster.uexp" 526
"../../../Engine/Plugins/Editor/SpeedTreeImporter/Content/SpeedTree9/SpeedTreeCameraFacing.uasset" 527
"../../../Engine/Plugins/Editor/SpeedTreeImporter/Content/SpeedTree9/SpeedTreeCameraFacing.uexp" 528
"../../../Engine/Plugins/Editor/SpeedTreeImporter/Content/SpeedTree9/SpeedTreeMaster.uasset" 529
"../../../Engine/Plugins/Editor/SpeedTreeImporter/Content/SpeedTree9/SpeedTreeMaster.uexp" 530
"../../../Engine/Content/BasicShapes/Cylinder.uasset" 531
"../../../Engine/Content/BasicShapes/Cylinder.uexp" 532
"../../../Engine/Content/ArtTools/RenderToTexture/Materials/Debug/M_Emissive_Color.uasset" 533
"../../../Engine/Content/ArtTools/RenderToTexture/Materials/Debug/M_Emissive_Color.uexp" 534
"../../../Engine/Plugins/Lumin/MagicLeapPassableWorld/Content/MagicLeapARPinInfoActor.uasset" 535
"../../../Engine/Plugins/Lumin/MagicLeapPassableWorld/Content/MagicLeapARPinInfoActor.uexp" 536
"../../../Engine/Plugins/Runtime/OpenXR/Content/Devices/GoogleDaydream/MRTexture.uasset" 537
"../../../Engine/Plugins/Runtime/OpenXR/Content/Devices/GoogleDaydream/MRTexture.uexp" 538
"../../../Engine/Plugins/Runtime/OpenXR/Content/Devices/GoogleDaydream/MRTexture.ubulk" 539
"../../../Engine/Plugins/Runtime/OpenXR/Content/Devices/GoogleDaydream/BaseTexture.uasset" 540
"../../../Engine/Plugins/Runtime/OpenXR/Content/Devices/GoogleDaydream/BaseTexture.uexp" 541
"../../../Engine/Plugins/Runtime/OpenXR/Content/Devices/GoogleDaydream/BaseTexture.ubulk" 542
"../../../Engine/Content/EngineResources/Black.uasset" 543
"../../../Engine/Content/EngineResources/Black.uexp" 544
"../../../Engine/Plugins/Runtime/OpenXR/Content/Devices/M_XRController.uasset" 545
"../../../Engine/Plugins/Runtime/OpenXR/Content/Devices/M_XRController.uexp" 546
"../../../Engine/Plugins/Runtime/OpenXR/Content/Devices/GoogleDaydream/MI_GoogleDaydream.uasset" 547
"../../../Engine/Plugins/Runtime/OpenXR/Content/Devices/GoogleDaydream/MI_GoogleDaydream.uexp" 548
"../../../Engine/Plugins/Runtime/OpenXR/Content/Devices/GoogleDaydream/GoogleDaydreamController.uasset" 549
"../../../Engine/Plugins/Runtime/OpenXR/Content/Devices/GoogleDaydream/GoogleDaydreamController.uexp" 550
"../../../Engine/Plugins/Runtime/OpenXR/Content/Devices/HTCVive/BaseTexture.uasset" 551
"../../../Engine/Plugins/Runtime/OpenXR/Content/Devices/HTCVive/BaseTexture.uexp" 552
"../../../Engine/Plugins/Runtime/OpenXR/Content/Devices/HTCVive/BaseTexture.ubulk" 553
"../../../Engine/Plugins/Runtime/OpenXR/Content/Devices/HTCVive/MI_HTCVive.uasset" 554
"../../../Engine/Plugins/Runtime/OpenXR/Content/Devices/HTCVive/MI_HTCVive.uexp" 555
"../../../Engine/Plugins/Runtime/OpenXR/Content/Devices/HTCVive/HTCViveController.uasset" 556
"../../../Engine/Plugins/Runtime/OpenXR/Content/Devices/HTCVive/HTCViveController.uexp" 557
"../../../Engine/Plugins/Runtime/OpenXR/Content/Devices/MicrosoftMixedReality/NormalTexture.uasset" 558
"../../../Engine/Plugins/Runtime/OpenXR/Content/Devices/MicrosoftMixedReality/NormalTexture.uexp" 559
"../../../Engine/Plugins/Runtime/OpenXR/Content/Devices/MicrosoftMixedReality/NormalTexture.ubulk" 560
"../../../Engine/Plugins/Runtime/OpenXR/Content/Devices/MicrosoftMixedReality/MRTexture.uasset" 561
"../../../Engine/Plugins/Runtime/OpenXR/Content/Devices/MicrosoftMixedReality/MRTexture.uexp" 562
"../../../Engine/Plugins/Runtime/OpenXR/Content/Devices/MicrosoftMixedReality/MRTexture.ubulk" 563
"../../../Engine/Plugins/Runtime/OpenXR/Content/Devices/MicrosoftMixedReality/EmissiveTexture.uasset" 564
"../../../Engine/Plugins/Runtime/OpenXR/Content/Devices/MicrosoftMixedReality/EmissiveTexture.uexp" 565
"../../../Engine/Plugins/Runtime/OpenXR/Content/Devices/MicrosoftMixedReality/EmissiveTexture.ubulk" 566
"../../../Engine/Plugins/Runtime/OpenXR/Content/Devices/MicrosoftMixedReality/BaseTexture.uasset" 567
"../../../Engine/Plugins/Runtime/OpenXR/Content/Devices/MicrosoftMixedReality/BaseTexture.uexp" 568
"../../../Engine/Plugins/Runtime/OpenXR/Content/Devices/MicrosoftMixedReality/BaseTexture.ubulk" 569
"../../../Engine/Plugins/Runtime/OpenXR/Content/Devices/MicrosoftMixedReality/MI_MicrosoftMixedReality.uasset" 570
"../../../Engine/Plugins/Runtime/OpenXR/Content/Devices/MicrosoftMixedReality/MI_MicrosoftMixedReality.uexp" 571
"../../../Engine/Plugins/Runtime/OpenXR/Content/Devices/MicrosoftMixedReality/Left/left_MicrosoftMixedRealityController.uasset" 572
"../../../Engine/Plugins/Runtime/OpenXR/Content/Devices/MicrosoftMixedReality/Left/left_MicrosoftMixedRealityController.uexp" 573
"../../../Engine/Plugins/Runtime/OpenXR/Content/Devices/MicrosoftMixedReality/Right/right_MicrosoftMixedRealityController.uasset" 574
"../../../Engine/Plugins/Runtime/OpenXR/Content/Devices/MicrosoftMixedReality/Right/right_MicrosoftMixedRealityController.uexp" 575
"../../../Engine/Plugins/Runtime/OpenXR/Content/Devices/OculusGo/BaseTexture.uasset" 576
"../../../Engine/Plugins/Runtime/OpenXR/Content/Devices/OculusGo/BaseTexture.uexp" 577
"../../../Engine/Plugins/Runtime/OpenXR/Content/Devices/OculusGo/BaseTexture.ubulk" 578
"../../../Engine/Plugins/Runtime/OpenXR/Content/Devices/OculusGo/MI_OculusGo.uasset" 579
"../../../Engine/Plugins/Runtime/OpenXR/Content/Devices/OculusGo/MI_OculusGo.uexp" 580
"../../../Engine/Plugins/Runtime/OpenXR/Content/Devices/OculusGo/OculusGoController.uasset" 581
"../../../Engine/Plugins/Runtime/OpenXR/Content/Devices/OculusGo/OculusGoController.uexp" 582
"../../../Engine/Plugins/Runtime/OpenXR/Content/Devices/OculusTouch/MRTexture.uasset" 583
"../../../Engine/Plugins/Runtime/OpenXR/Content/Devices/OculusTouch/MRTexture.uexp" 584
"../../../Engine/Plugins/Runtime/OpenXR/Content/Devices/OculusTouch/MRTexture.ubulk" 585
"../../../Engine/Plugins/Runtime/OpenXR/Content/Devices/OculusTouch/BaseTexture.uasset" 586
"../../../Engine/Plugins/Runtime/OpenXR/Content/Devices/OculusTouch/BaseTexture.uexp" 587
"../../../Engine/Plugins/Runtime/OpenXR/Content/Devices/OculusTouch/BaseTexture.ubulk" 588
"../../../Engine/Plugins/Runtime/OpenXR/Content/Devices/OculusTouch/MI_OculusTouch.uasset" 589
"../../../Engine/Plugins/Runtime/OpenXR/Content/Devices/OculusTouch/MI_OculusTouch.uexp" 590
"../../../Engine/Plugins/Runtime/OpenXR/Content/Devices/OculusTouch/Left/left_OculusTouchController.uasset" 591
"../../../Engine/Plugins/Runtime/OpenXR/Content/Devices/OculusTouch/Left/left_OculusTouchController.uexp" 592
"../../../Engine/Plugins/Runtime/OpenXR/Content/Devices/OculusTouch/Right/right_OculusTouchController.uasset" 593
"../../../Engine/Plugins/Runtime/OpenXR/Content/Devices/OculusTouch/Right/right_OculusTouchController.uexp" 594
"../../../Engine/Plugins/Runtime/OpenXR/Content/Devices/OculusTouch_v2/MRTexture.uasset" 595
"../../../Engine/Plugins/Runtime/OpenXR/Content/Devices/OculusTouch_v2/MRTexture.uexp" 596
"../../../Engine/Plugins/Runtime/OpenXR/Content/Devices/OculusTouch_v2/MRTexture.ubulk" 597
"../../../Engine/Plugins/Runtime/OpenXR/Content/Devices/OculusTouch_v2/BaseTexture.uasset" 598
"../../../Engine/Plugins/Runtime/OpenXR/Content/Devices/OculusTouch_v2/BaseTexture.uexp" 599
"../../../Engine/Plugins/Runtime/OpenXR/Content/Devices/OculusTouch_v2/BaseTexture.ubulk" 600
"../../../Engine/Plugins/Runtime/OpenXR/Content/Devices/OculusTouch_v2/MI_OculusTouch_v2.uasset" 601
"../../../Engine/Plugins/Runtime/OpenXR/Content/Devices/OculusTouch_v2/MI_OculusTouch_v2.uexp" 602
"../../../Engine/Plugins/Runtime/OpenXR/Content/Devices/OculusTouch_v2/Left/left_OculusTouch_v2Controller.uasset" 603
"../../../Engine/Plugins/Runtime/OpenXR/Content/Devices/OculusTouch_v2/Left/left_OculusTouch_v2Controller.uexp" 604
"../../../Engine/Plugins/Runtime/OpenXR/Content/Devices/OculusTouch_v2/Right/right_OculusTouch_v2Controller.uasset" 605
"../../../Engine/Plugins/Runtime/OpenXR/Content/Devices/OculusTouch_v2/Right/right_OculusTouch_v2Controller.uexp" 606
"../../../Engine/Plugins/Runtime/OpenXR/Content/Devices/OculusTouch_v3/MRTexture.uasset" 607
"../../../Engine/Plugins/Runtime/OpenXR/Content/Devices/OculusTouch_v3/MRTexture.uexp" 608
"../../../Engine/Plugins/Runtime/OpenXR/Content/Devices/OculusTouch_v3/MRTexture.ubulk" 609
"../../../Engine/Plugins/Runtime/OpenXR/Content/Devices/OculusTouch_v3/BaseTexture.uasset" 610
"../../../Engine/Plugins/Runtime/OpenXR/Content/Devices/OculusTouch_v3/BaseTexture.uexp" 611
"../../../Engine/Plugins/Runtime/OpenXR/Content/Devices/OculusTouch_v3/BaseTexture.ubulk" 612
"../../../Engine/Plugins/Runtime/OpenXR/Content/Devices/OculusTouch_v3/MI_OculusTouch_v3.uasset" 613
"../../../Engine/Plugins/Runtime/OpenXR/Content/Devices/OculusTouch_v3/MI_OculusTouch_v3.uexp" 614
"../../../Engine/Plugins/Runtime/OpenXR/Content/Devices/OculusTouch_v3/Left/left_OculusTouch_v3Controller.uasset" 615
"../../../Engine/Plugins/Runtime/OpenXR/Content/Devices/OculusTouch_v3/Left/left_OculusTouch_v3Controller.uexp" 616
"../../../Engine/Plugins/Runtime/OpenXR/Content/Devices/OculusTouch_v3/Right/right_OculusTouch_v3Controller.uasset" 617
"../../../Engine/Plugins/Runtime/OpenXR/Content/Devices/OculusTouch_v3/Right/right_OculusTouch_v3Controller.uexp" 618
"../../../Engine/Plugins/Runtime/OpenXR/Content/Devices/ValveIndex/MRTexture.uasset" 619
"../../../Engine/Plugins/Runtime/OpenXR/Content/Devices/ValveIndex/MRTexture.uexp" 620
"../../../Engine/Plugins/Runtime/OpenXR/Content/Devices/ValveIndex/MRTexture.ubulk" 621
"../../../Engine/Plugins/Runtime/OpenXR/Content/Devices/ValveIndex/BaseTexture.uasset" 622
"../../../Engine/Plugins/Runtime/OpenXR/Content/Devices/ValveIndex/BaseTexture.uexp" 623
"../../../Engine/Plugins/Runtime/OpenXR/Content/Devices/ValveIndex/BaseTexture.ubulk" 624
"../../../Engine/Plugins/Runtime/OpenXR/Content/Devices/ValveIndex/Left/MI_left_ValveIndex.uasset" 625
"../../../Engine/Plugins/Runtime/OpenXR/Content/Devices/ValveIndex/Left/MI_left_ValveIndex.uexp" 626
"../../../Engine/Plugins/Runtime/OpenXR/Content/Devices/ValveIndex/Left/left_ValveIndexController.uasset" 627
"../../../Engine/Plugins/Runtime/OpenXR/Content/Devices/ValveIndex/Left/left_ValveIndexController.uexp" 628
"../../../Engine/Plugins/Runtime/OpenXR/Content/Devices/ValveIndex/Right/MI_right_ValveIndex.uasset" 629
"../../../Engine/Plugins/Runtime/OpenXR/Content/Devices/ValveIndex/Right/MI_right_ValveIndex.uexp" 630
"../../../Engine/Plugins/Runtime/OpenXR/Content/Devices/ValveIndex/Right/right_ValveIndexController.uasset" 631
"../../../Engine/Plugins/Runtime/OpenXR/Content/Devices/ValveIndex/Right/right_ValveIndexController.uexp" 632
"../../../Engine/Content/Functions/Engine_MaterialFunctions02/Utility/BreakOutFloat4Components.uasset" 633
"../../../Engine/Content/Functions/Engine_MaterialFunctions02/Utility/BreakOutFloat4Components.uexp" 634
"../../../Engine/Content/Functions/Engine_MaterialFunctions02/Utility/MakeFloat3.uasset" 635
"../../../Engine/Content/Functions/Engine_MaterialFunctions02/Utility/MakeFloat3.uexp" 636
"../../../Engine/Plugins/Runtime/Oculus/OculusVR/Content/Materials/OculusMR_ChromaKey.uasset" 637
"../../../Engine/Plugins/Runtime/Oculus/OculusVR/Content/Materials/OculusMR_ChromaKey.uexp" 638
"../../../Engine/Plugins/Runtime/Oculus/OculusVR/Content/Materials/OculusMR_OpaqueColoredMaterial.uasset" 639
"../../../Engine/Plugins/Runtime/Oculus/OculusVR/Content/Materials/OculusMR_OpaqueColoredMaterial.uexp" 640
"../../../Engine/Plugins/Runtime/Oculus/OculusVR/Content/Materials/PokeAHoleMaterial.uasset" 641
"../../../Engine/Plugins/Runtime/Oculus/OculusVR/Content/Materials/PokeAHoleMaterial.uexp" 642
"../../../Engine/Plugins/Runtime/Oculus/OculusVR/Content/Textures/touchController_controlmap.uasset" 643
"../../../Engine/Plugins/Runtime/Oculus/OculusVR/Content/Textures/touchController_controlmap.uexp" 644
"../../../Engine/Plugins/Runtime/Oculus/OculusVR/Content/Textures/touchController_controlmap.ubulk" 645
"../../../Engine/Plugins/Runtime/Oculus/OculusVR/Content/Textures/touchController_albedo.uasset" 646
"../../../Engine/Plugins/Runtime/Oculus/OculusVR/Content/Textures/touchController_albedo.uexp" 647
"../../../Engine/Plugins/Runtime/Oculus/OculusVR/Content/Textures/touchController_albedo.ubulk" 648
"../../../Engine/Plugins/Runtime/Oculus/OculusVR/Content/Materials/touchController_mat.uasset" 649
"../../../Engine/Plugins/Runtime/Oculus/OculusVR/Content/Materials/touchController_mat.uexp" 650
"../../../Engine/Plugins/Runtime/Oculus/OculusVR/Content/Meshes/LeftTouchController.uasset" 651
"../../../Engine/Plugins/Runtime/Oculus/OculusVR/Content/Meshes/LeftTouchController.uexp" 652
"../../../Engine/Plugins/Runtime/Oculus/OculusVR/Content/Textures/TouchForQuestRiftSController_albedo.uasset" 653
"../../../Engine/Plugins/Runtime/Oculus/OculusVR/Content/Textures/TouchForQuestRiftSController_albedo.uexp" 654
"../../../Engine/Plugins/Runtime/Oculus/OculusVR/Content/Textures/TouchForQuestRiftSController_albedo.ubulk" 655
"../../../Engine/Plugins/Runtime/Oculus/OculusVR/Content/Materials/TouchForQuestRiftSControllerMaterial.uasset" 656
"../../../Engine/Plugins/Runtime/Oculus/OculusVR/Content/Materials/TouchForQuestRiftSControllerMaterial.uexp" 657
"../../../Engine/Plugins/Runtime/Oculus/OculusVR/Content/Meshes/LeftTouchForQuestRiftSController.uasset" 658
"../../../Engine/Plugins/Runtime/Oculus/OculusVR/Content/Meshes/LeftTouchForQuestRiftSController.uexp" 659
"../../../Engine/Plugins/Runtime/Oculus/OculusVR/Content/Meshes/RiftHMD.uasset" 660
"../../../Engine/Plugins/Runtime/Oculus/OculusVR/Content/Meshes/RiftHMD.uexp" 661
"../../../Engine/Plugins/Runtime/Oculus/OculusVR/Content/Meshes/RightTouchController.uasset" 662
"../../../Engine/Plugins/Runtime/Oculus/OculusVR/Content/Meshes/RightTouchController.uexp" 663
"../../../Engine/Plugins/Runtime/Oculus/OculusVR/Content/Meshes/RightTouchForQuestRiftSController.uasset" 664
"../../../Engine/Plugins/Runtime/Oculus/OculusVR/Content/Meshes/RightTouchForQuestRiftSController.uexp" 665
"D:/UE4_Projs/TestForLekano/Content/ThirdPersonBP/Maps/ThirdPersonExampleMap_BuiltData.uasset" 666
"D:/UE4_Projs/TestForLekano/Content/ThirdPersonBP/Maps/ThirdPersonExampleMap_BuiltData.uexp" 667
"D:/UE4_Projs/TestForLekano/Content/ThirdPersonBP/Maps/ThirdPersonExampleMap_BuiltData.ubulk" 668
"D:/UE4_Projs/TestForLekano/Content/ThirdPersonBP/InteractiveUI/AnotherPlayer.uasset" 669
"D:/UE4_Projs/TestForLekano/Content/ThirdPersonBP/InteractiveUI/AnotherPlayer.uexp" 670
"D:/UE4_Projs/TestForLekano/Content/ThirdPerson/Meshes/RampMaterial.uasset" 671
"D:/UE4_Projs/TestForLekano/Content/ThirdPerson/Meshes/RampMaterial.uexp" 672
"D:/UE4_Projs/TestForLekano/Content/ThirdPerson/Meshes/RightArm_StaticMesh.uasset" 673
"D:/UE4_Projs/TestForLekano/Content/ThirdPerson/Meshes/RightArm_StaticMesh.uexp" 674
"D:/UE4_Projs/TestForLekano/Content/ThirdPerson/Meshes/Ramp_StaticMesh.uasset" 675
"D:/UE4_Projs/TestForLekano/Content/ThirdPerson/Meshes/Ramp_StaticMesh.uexp" 676
"D:/UE4_Projs/TestForLekano/Content/ThirdPerson/Meshes/Linear_Stair_StaticMesh.uasset" 677
"D:/UE4_Projs/TestForLekano/Content/ThirdPerson/Meshes/Linear_Stair_StaticMesh.uexp" 678
"D:/UE4_Projs/TestForLekano/Content/ThirdPerson/Meshes/LeftArm_StaticMesh.uasset" 679
"D:/UE4_Projs/TestForLekano/Content/ThirdPerson/Meshes/LeftArm_StaticMesh.uexp" 680
"D:/UE4_Projs/TestForLekano/Content/ThirdPerson/Meshes/Bump_StaticMesh.uasset" 681
"D:/UE4_Projs/TestForLekano/Content/ThirdPerson/Meshes/Bump_StaticMesh.uexp" 682
"D:/UE4_Projs/TestForLekano/Content/Geometry/Meshes/CubeMaterial.uasset" 683
"D:/UE4_Projs/TestForLekano/Content/Geometry/Meshes/CubeMaterial.uexp" 684
"D:/UE4_Projs/TestForLekano/Content/Geometry/Meshes/TemplateFloor.uasset" 685
"D:/UE4_Projs/TestForLekano/Content/Geometry/Meshes/TemplateFloor.uexp" 686
"D:/UE4_Projs/TestForLekano/Content/Geometry/Meshes/1M_Cube_Chamfer.uasset" 687
"D:/UE4_Projs/TestForLekano/Content/Geometry/Meshes/1M_Cube_Chamfer.uexp" 688
"D:/UE4_Projs/TestForLekano/Content/Geometry/Meshes/1M_Cube.uasset" 689
"D:/UE4_Projs/TestForLekano/Content/Geometry/Meshes/1M_Cube.uexp" 690
"../../../Engine/Content/EngineSky/T_Sky_Blue.uasset" 691
"../../../Engine/Content/EngineSky/T_Sky_Blue.uexp" 692
"../../../Engine/Content/EngineSky/T_Sky_Blue.ubulk" 693
"../../../Engine/Content/EngineSky/T_Sky_Stars.uasset" 694
"../../../Engine/Content/EngineSky/T_Sky_Stars.uexp" 695
"../../../Engine/Content/EngineSky/T_Sky_Stars.ubulk" 696
"../../../Engine/Content/EngineSky/T_Sky_Clouds_M.uasset" 697
"../../../Engine/Content/EngineSky/T_Sky_Clouds_M.uexp" 698
"../../../Engine/Content/EngineSky/T_Sky_Clouds_M.ubulk" 699
"../../../Engine/Content/EngineSky/M_Sky_Panning_Clouds2.uasset" 700
"../../../Engine/Content/EngineSky/M_Sky_Panning_Clouds2.uexp" 701
"../../../Engine/Content/EngineSky/SM_SkySphere.uasset" 702
"../../../Engine/Content/EngineSky/SM_SkySphere.uexp" 703
"../../../Engine/Content/EngineSky/C_Sky_Zenith_Color.uasset" 704
"../../../Engine/Content/EngineSky/C_Sky_Zenith_Color.uexp" 705
"../../../Engine/Content/EngineSky/C_Sky_Horizon_Color.uasset" 706
"../../../Engine/Content/EngineSky/C_Sky_Horizon_Color.uexp" 707
"../../../Engine/Content/EngineSky/C_Sky_Cloud_Color.uasset" 708
"../../../Engine/Content/EngineSky/C_Sky_Cloud_Color.uexp" 709
"../../../Engine/Content/EngineSky/BP_Sky_Sphere.uasset" 710
"../../../Engine/Content/EngineSky/BP_Sky_Sphere.uexp" 711
"D:/UE4_Projs/TestForLekano/Content/ThirdPersonBP/Maps/ThirdPersonExampleMap.uexp" 712
"D:/UE4_Projs/TestForLekano/Content/ThirdPersonBP/Maps/ThirdPersonExampleMap.umap" 713
"../../../Engine/Content/Maps/Entry_BuiltData.uasset" 714
"../../../Engine/Content/Maps/Entry_BuiltData.uexp" 715
"../../../Engine/Content/Maps/Entry.uexp" 716
"../../../Engine/Content/Maps/Entry.umap" 717
